java/lang/Object
java/lang/String
java/lang/Integer
java/lang/Boolean
java/lang/Long
java/lang/Double
java/lang/System
java/lang/Thread
java/util/ArrayList
java/util/HashMap
java/util/HashSet
java/util/Date
java/io/File
java/io/InputStream
java/io/OutputStream
java/net/URL
java/net/HttpURLConnection
javax/crypto/Cipher
org/springframework/boot/SpringApplication
org/springframework/context/ApplicationContext
com/moyue/MoyueApplication
com/moyue/controller/BookController
com/moyue/controller/SourceController
com/moyue/controller/SecurityController
com/moyue/engine/RhinoEngine
com/moyue/security/SafeJsExtensions
com/moyue/security/SecurityPolicy
com/moyue/service/SourceService
com/moyue/service/BookService
com/moyue/service/CacheService
com/moyue/compat/AndroidCompat
org/mozilla/javascript/Context
org/mozilla/javascript/Scriptable
org/mozilla/javascript/Function
org/mozilla/javascript/ScriptableObject
okhttp3/OkHttpClient
okhttp3/Request
okhttp3/Response
